<?xml version="1.0" encoding="UTF-8"?>
<testsuite xmlns:xsi="http://www.w3.org/2001/XMLSchema-instance" xsi:noNamespaceSchemaLocation="https://maven.apache.org/surefire/maven-surefire-plugin/xsd/surefire-test-report-3.0.xsd" version="3.0" name="com.examly.springapp.HealthCoachTests" time="2.911" tests="20" errors="1" skipped="0" failures="0">
  <properties>
[...]
</properties>
  <testcase name="test_CorsConfiguration_Has_Configuration_Annotation" classname="com.examly.springapp.HealthCoachTests" time="0.108">
    <system-out><![CDATA[09:01:04.951 [main] DEBUG org.springframework.boot.test.context.SpringBootTestContextBootstrapper - Neither @ContextConfiguration nor @ContextHierarchy found for test class [HealthCoachTests]: using SpringBootContextLoader
09:01:04.954 [main] DEBUG org.springframework.test.context.support.AbstractContextLoader - Could not detect default resource locations for test class [com.examly.springapp.HealthCoachTests]: no resource found for suffixes {-context.xml, Context.groovy}.
09:01:04.987 [main] DEBUG org.springframework.boot.test.context.SpringBootTestContextBootstrapper - Using ContextCustomizers for test class [HealthCoachTests]: [ImportsContextCustomizer, ExcludeFilterContextCustomizer, DuplicateJsonObjectContextCustomizer, MockitoContextCustomizer, TestRestTemplateContextCustomizer, DisableObservabilityContextCustomizer, PropertyMappingContextCustomizer, Customizer]
09:01:05.068 [main] DEBUG org.springframework.boot.test.context.SpringBootTestContextBootstrapper - Using TestExecutionListeners for test class [HealthCoachTests]: [ServletTestExecutionListener, DirtiesContextBeforeModesTestExecutionListener, ApplicationEventsTestExecutionListener, MockitoTestExecutionListener, DependencyInjectionTestExecutionListener, DirtiesContextTestExecutionListener, TransactionalTestExecutionListener, SqlScriptsTestExecutionListener, EventPublishingTestExecutionListener, ResetMocksTestExecutionListener, RestDocsTestExecutionListener, MockRestServiceServerResetTestExecutionListener, MockMvcPrintOnlyOnFailureTestExecutionListener, WebDriverTestExecutionListener, MockWebServiceServerTestExecutionListener]
09:01:05.069 [main] DEBUG org.springframework.test.context.support.AbstractDirtiesContextTestExecutionListener - Before test class: class [HealthCoachTests], class annotated with @DirtiesContext [false] with mode [null]

  .   ____          _            __ _ _
 /\\ / ___'_ __ _ _(_)_ __  __ _ \ \ \ \
( ( )\___ | '_ | '_| | '_ \/ _` | \ \ \ \
 \\/  ___)| |_)| | | | | || (_| |  ) ) ) )
  '  |____| .__|_| |_|_| |_\__, | / / / /
 =========|_|==============|___/=/_/_/_/
 :: Spring Boot ::                (v3.0.1)

2026-07-03T09:01:05.264Z  INFO 18785 --- [           main] com.examly.springapp.HealthCoachTests    : Starting HealthCoachTests using Java 17.0.18 with PID 18785 (started by coder in /home/coder/project/workspace/springapp)
2026-07-03T09:01:05.265Z  INFO 18785 --- [           main] com.examly.springapp.HealthCoachTests    : No active profile set, falling back to 1 default profile: "default"
2026-07-03T09:01:05.680Z  INFO 18785 --- [           main] .s.d.r.c.RepositoryConfigurationDelegate : Bootstrapping Spring Data JPA repositories in DEFAULT mode.
2026-07-03T09:01:05.713Z  INFO 18785 --- [           main] .s.d.r.c.RepositoryConfigurationDelegate : Finished Spring Data repository scanning in 27 ms. Found 1 JPA repository interfaces.
2026-07-03T09:01:06.011Z  INFO 18785 --- [           main] o.hibernate.jpa.internal.util.LogHelper  : HHH000204: Processing PersistenceUnitInfo [name: default]
2026-07-03T09:01:06.038Z  INFO 18785 --- [           main] org.hibernate.Version                    : HHH000412: Hibernate ORM core version 6.1.6.Final
2026-07-03T09:01:06.145Z  WARN 18785 --- [           main] org.hibernate.orm.deprecation            : HHH90000021: Encountered deprecated setting [javax.persistence.sharedCache.mode], use [jakarta.persistence.sharedCache.mode] instead
2026-07-03T09:01:06.223Z  INFO 18785 --- [           main] com.zaxxer.hikari.HikariDataSource       : HikariPool-1 - Starting...
2026-07-03T09:01:06.337Z  INFO 18785 --- [           main] com.zaxxer.hikari.pool.HikariPool        : HikariPool-1 - Added connection com.mysql.cj.jdbc.ConnectionImpl@79ab97fd
2026-07-03T09:01:06.339Z  INFO 18785 --- [           main] com.zaxxer.hikari.HikariDataSource       : HikariPool-1 - Start completed.
2026-07-03T09:01:06.352Z  INFO 18785 --- [           main] SQL dialect                              : HHH000400: Using dialect: org.hibernate.dialect.MySQL8Dialect
2026-07-03T09:01:06.352Z  WARN 18785 --- [           main] org.hibernate.orm.deprecation            : HHH90000026: MySQL8Dialect has been deprecated; use org.hibernate.dialect.MySQLDialect instead
Hibernate: drop table if exists health_coach
Hibernate: create table health_coach (id bigint not null auto_increment, certification varchar(255), experience integer not null, name varchar(255), phone_number varchar(255), specialization varchar(255), primary key (id)) engine=InnoDB
2026-07-03T09:01:06.832Z  INFO 18785 --- [           main] o.h.e.t.j.p.i.JtaPlatformInitiator       : HHH000490: Using JtaPlatform implementation: [org.hibernate.engine.transaction.jta.platform.internal.NoJtaPlatform]
2026-07-03T09:01:06.838Z  INFO 18785 --- [           main] j.LocalContainerEntityManagerFactoryBean : Initialized JPA EntityManagerFactory for persistence unit 'default'
2026-07-03T09:01:07.104Z  WARN 18785 --- [           main] JpaBaseConfiguration$JpaWebConfiguration : spring.jpa.open-in-view is enabled by default. Therefore, database queries may be performed during view rendering. Explicitly configure spring.jpa.open-in-view to disable this warning
2026-07-03T09:01:07.353Z  INFO 18785 --- [           main] o.s.b.t.m.w.SpringBootMockServletContext : Initializing Spring TestDispatcherServlet ''
2026-07-03T09:01:07.353Z  INFO 18785 --- [           main] o.s.t.web.servlet.TestDispatcherServlet  : Initializing Servlet ''
2026-07-03T09:01:07.356Z  INFO 18785 --- [           main] o.s.t.web.servlet.TestDispatcherServlet  : Completed initialization in 0 ms
2026-07-03T09:01:07.376Z  INFO 18785 --- [           main] com.examly.springapp.HealthCoachTests    : Started HealthCoachTests in 2.284 seconds (process running for 2.883)
]]></system-out>
  </testcase>
  <testcase name="test_InvalidExperienceException_Extends_RuntimeException" classname="com.examly.springapp.HealthCoachTests" time="0.004"/>
  <testcase name="test_Repository_Folder_Exists" classname="com.examly.springapp.HealthCoachTests" time="0.001"/>
  <testcase name="test_HealthCoachModel_Class_Exists" classname="com.examly.springapp.HealthCoachTests" time="0.001"/>
  <testcase name="test_Add_Coach" classname="com.examly.springapp.HealthCoachTests" time="0.132">
    <system-out><![CDATA[Hibernate: insert into health_coach (certification, experience, name, phone_number, specialization) values (?, ?, ?, ?, ?)
]]></system-out>
  </testcase>
  <testcase name="test_Service_Folder_Exists" classname="com.examly.springapp.HealthCoachTests" time="0.002"/>
  <testcase name="test_HealthCoach_Model_Has_phoneNumber_Field" classname="com.examly.springapp.HealthCoachTests" time="0.001"/>
  <testcase name="test_HealthCoach_Model_Has_name_Field" classname="com.examly.springapp.HealthCoachTests" time="0.001"/>
  <testcase name="test_HealthCoach_Model_Has_specialization_Field" classname="com.examly.springapp.HealthCoachTests" time="0.001"/>
  <testcase name="test_Add_Coach_With_Invalid_Experience" classname="com.examly.springapp.HealthCoachTests" time="0.004">
    <error type="jakarta.servlet.ServletException"><![CDATA[jakarta.servlet.ServletException: Request processing failed: com.examly.springapp.exception.InvalidExperienceException: Experience cannot be negative
	at com.examly.springapp.HealthCoachTests.test_Add_Coach_With_Invalid_Experience(SpringappApplicationTests.java:45)
Caused by: com.examly.springapp.exception.InvalidExperienceException: Experience cannot be negative
	at com.examly.springapp.HealthCoachTests.test_Add_Coach_With_Invalid_Experience(SpringappApplicationTests.java:45)
]]></error>
  </testcase>
  <testcase name="test_HealthCoachRepo_Extends_JpaRepository" classname="com.examly.springapp.HealthCoachTests" time="0.001"/>
  <testcase name="test_HealthCoach_Model_Has_certification_Field" classname="com.examly.springapp.HealthCoachTests" time="0.001"/>
  <testcase name="test_CorsConfiguration_Class_Exists" classname="com.examly.springapp.HealthCoachTests" time="0.001"/>
  <testcase name="test_Get_AllCoaches" classname="com.examly.springapp.HealthCoachTests" time="0.083">
    <system-out><![CDATA[Hibernate: select h1_0.id,h1_0.certification,h1_0.experience,h1_0.name,h1_0.phone_number,h1_0.specialization from health_coach h1_0

MockHttpServletRequest:
      HTTP Method = GET
      Request URI = /getAllCoaches
       Parameters = {}
          Headers = [Accept:"application/json"]
             Body = null
    Session Attrs = {}

Handler:
             Type = com.examly.springapp.controller.HealthCoachController
           Method = com.examly.springapp.controller.HealthCoachController#getAllCoaches()

Async:
    Async started = false
     Async result = null

Resolved Exception:
             Type = null

ModelAndView:
        View name = null
             View = null
            Model = null

FlashMap:
       Attributes = null

MockHttpServletResponse:
           Status = 200
    Error message = null
          Headers = [Vary:"Origin", "Access-Control-Request-Method", "Access-Control-Request-Headers", Content-Type:"application/json"]
     Content type = application/json
             Body = [{"id":1,"name":"John Doe","specialization":"Nutrition","certification":"MSc in Nutrition","phoneNumber":"9876543210","experience":5}]
    Forwarded URL = null
   Redirected URL = null
          Cookies = []
]]></system-out>
  </testcase>
  <testcase name="test_HealthCoach_File_Exists" classname="com.examly.springapp.HealthCoachTests" time="0.003"/>
  <testcase name="test_HealthCoachService_Class_Exists" classname="com.examly.springapp.HealthCoachTests" time="0.002"/>
  <testcase name="test_Controller_Directory_Exists" classname="com.examly.springapp.HealthCoachTests" time="0.002"/>
  <testcase name="test_Model_Directory_Exists" classname="com.examly.springapp.HealthCoachTests" time="0.002"/>
  <testcase name="test_InvalidExperienceException_Class_Exists" classname="com.examly.springapp.HealthCoachTests" time="0.002"/>
  <testcase name="test_HealthCoachController_File_Exists" classname="com.examly.springapp.HealthCoachTests" time="0.001"/>
</testsuite>